The server is listening for incoming connections at local:///tmp/bsp5145732780068504378/xxid8b3qeslm.socket...
Accepted incoming BSP client connection at local:///tmp/bsp5145732780068504378/xxid8b3qeslm.socket
request received: build/initialize
BSP initialization handshake complete.
Downloading https://repo1.maven.org/maven2/org/scalameta/mtags_2.12.6/0.5.2/mtags_2.12.6-0.5.2.pom
Downloading https://repo1.maven.org/maven2/org/scalameta/mtags_2.12.6/0.5.2/mtags_2.12.6-0.5.2.pom.sha1
Downloaded https://repo1.maven.org/maven2/org/scalameta/mtags_2.12.6/0.5.2/mtags_2.12.6-0.5.2.pom
Downloaded https://repo1.maven.org/maven2/org/scalameta/mtags_2.12.6/0.5.2/mtags_2.12.6-0.5.2.pom.sha1
Downloading https://repo1.maven.org/maven2/org/scalameta/mtags_2.12.6/0.5.2/
Downloaded https://repo1.maven.org/maven2/org/scalameta/mtags_2.12.6/0.5.2/
-ocr-build.json
INFO  [success] Total time: 2 s, completed Jul 23, 2019 9:34:15 AM
INFO  [info] Updating ProjectRef(uri("file:/home/kurtlogan/Documents/github/kurtlogan/bank-ocr/project/"), "bank-ocr-build")...
INFO  [info] Done updating.
INFO  [info] Loading settings from build.sbt ...
INFO  [info] Set current project to bank-ocr (in build file:/home/kurtlogan/Documents/github/kurtlogan/bank-ocr/)
INFO  [info] Set current project to bank-ocr (in build file:/home/kurtlogan/Documents/github/kurtlogan/bank-ocr/)
INFO  [info] semanticdb-scalac is enabled
INFO  [info] Updating ...
INFO  [info] downloading https://repo1.maven.org/maven2/org/scalameta/semanticdb-scalac_2.12.6/4.1.9/semanticdb-scalac_2.12.6-4.1.9.jar ...
INFO  [info] downloading https://repo1.maven.org/maven2/com/lihaoyi/fansi_2.12/0.2.5/fansi_2.12-0.2.5.jar ...
INFO  [info] downloading https://repo1.maven.org/maven2/com/lihaoyi/pprint_2.12/0.5.3/pprint_2.12-0.5.3.jar ...
INFO  [info] downloading https://repo1.maven.org/maven2/com/lihaoyi/sourcecode_2.12/0.1.4/sourcecode_2.12-0.1.4.jar ...
INFO  [info] 	[SUCCESSFUL ] com.lihaoyi#fansi_2.12;0.2.5!fansi_2.12.jar (475ms)
INFO  [info] 	[SUCCESSFUL ] com.lihaoyi#pprint_2.12;0.5.3!pprint_2.12.jar (531ms)
INFO  [info] 	[SUCCESSFUL ] com.lihaoyi#sourcecode_2.12;0.1.4!sourcecode_2.12.jar(bundle) (556ms)
INFO  [info] 	[SUCCESSFUL ] org.scalameta#semanticdb-scalac_2.12.6;4.1.9!semanticdb-scalac_2.12.6.jar (729ms)
INFO  [info] Done updating.
INFO  [info] downloading https://repo1.maven.org/maven2/org/scalameta/semanticdb-scalac_2.12.6/4.1.9/semanticdb-scalac_2.12.6-4.1.9-sources.jar ...
INFO  [info] downloading https://repo1.maven.org/maven2/com/lihaoyi/pprint_2.12/0.5.3/pprint_2.12-0.5.3-sources.jar ...
INFO  [info] downloading https://repo1.maven.org/maven2/com/lihaoyi/fansi_2.12/0.2.5/fansi_2.12-0.2.5-sources.jar ...
INFO  [info] downloading https://repo1.maven.org/maven2/com/lihaoyi/sourcecode_2.12/0.1.4/sourcecode_2.12-0.1.4-sources.jar ...
INFO  [info] 	[SUCCESSFUL ] org.scalameta#semanticdb-scalac_2.12.6;4.1.9!semanticdb-scalac_2.12.6.jar(src) (124ms)
INFO  [info] 	[SUCCESSFUL ] com.lihaoyi#pprint_2.12;0.5.3!pprint_2.12.jar(src) (128ms)
[info] 	[SUCCESSFUL ] com.lihaoyi#sourcecode_2.12;0.1.4!sourcecode_2.12.jar(src) (123ms)
INFO  [info] 	[SUCCESSFUL ] com.lihaoyi#fansi_2.12;0.2.5!fansi_2.12.jar(src) (128ms)
INFO  [success] Generated .bloop/root.json
INFO  [success] Generated .bloop/root-test.json
INFO  [success] Total time: 2 s, completed Jul 23, 2019 9:34:20 AM
INFO  sbt exit: 0
INFO  time: ran 'sbt bloopInstall' in 20s
INFO  running embedded 'bloop bsp --protocol local --socket /tmp/bsp5145732780068504378/xxid8b3qeslm.socket'
INFO  tracing is disabled for protocol BSP, to enable tracing of incoming and outgoing JSON messages create an empty file at /home/kurtlogan/.cache/metals/bsp.trace.json
INFO  time: connected to build server in 2.38s
INFO  time: indexed workspace in 1.49s
INFO  compiling root (1 scala source)
INFO  Non-compiled module 'compiler-bridge_2.12' for Scala 2.12.6. Compiling...
INFO    Compilation completed in 10.41s.
WARN  there was one feature warning; re-run with -feature for details
INFO  time: compiled root in 12s
INFO  compiling root-test (1 scala source)
INFO  time: compiled root-test in 0.9s
